<?xml version="1.0" encoding="UTF-8"?>
<testsuite name="org.example.APItest" tests="1" skipped="0" failures="0" errors="0" timestamp="2023-02-07T10:35:59" hostname="WAR_MACHINE" time="0.663">
  <properties/>
  <testcase name="testApiUser()" classname="org.example.APItest" time="0.663"/>
  <system-out><![CDATA[]]></system-out>
  <system-err><![CDATA[]]></system-err>
</testsuite>
